<?xml version="1.0" encoding="UTF-8"?>
<testsuite xmlns:xsi="http://www.w3.org/2001/XMLSchema-instance" xsi:noNamespaceSchemaLocation="https://maven.apache.org/surefire/maven-surefire-plugin/xsd/surefire-test-report-3.0.xsd" version="3.0" name="com.ai.workflow.managers.WorkflowManagerTest" time="0.093" tests="1" errors="0" skipped="0" failures="0">
  <properties>
    <property name="java.specification.version" value="21"/>
    <property name="sun.jnu.encoding" value="UTF-8"/>
    <property name="java.class.path" value="/Users/mayank/workspace/workflow_service/workflow_service/target/test-classes:/Users/mayank/workspace/workflow_service/workflow_service/target/classes:/Users/mayank/.m2/repository/org/springframework/boot/spring-boot-starter-actuator/3.2.2/spring-boot-starter-actuator-3.2.2.jar:/Users/mayank/.m2/repository/org/springframework/boot/spring-boot-starter/3.2.2/spring-boot-starter-3.2.2.jar:/Users/mayank/.m2/repository/org/springframework/boot/spring-boot-autoconfigure/3.2.2/spring-boot-autoconfigure-3.2.2.jar:/Users/mayank/.m2/repository/org/springframework/boot/spring-boot-starter-logging/3.2.2/spring-boot-starter-logging-3.2.2.jar:/Users/mayank/.m2/repository/ch/qos/logback/logback-classic/1.4.14/logback-classic-1.4.14.jar:/Users/mayank/.m2/repository/ch/qos/logback/logback-core/1.4.14/logback-core-1.4.14.jar:/Users/mayank/.m2/repository/org/apache/logging/log4j/log4j-to-slf4j/2.21.1/log4j-to-slf4j-2.21.1.jar:/Users/mayank/.m2/repository/org/slf4j/jul-to-slf4j/2.0.11/jul-to-slf4j-2.0.11.jar:/Users/mayank/.m2/repository/org/yaml/snakeyaml/2.2/snakeyaml-2.2.jar:/Users/mayank/.m2/repository/org/springframework/boot/spring-boot-actuator-autoconfigure/3.2.2/spring-boot-actuator-autoconfigure-3.2.2.jar:/Users/mayank/.m2/repository/org/springframework/boot/spring-boot-actuator/3.2.2/spring-boot-actuator-3.2.2.jar:/Users/mayank/.m2/repository/io/micrometer/micrometer-observation/1.12.2/micrometer-observation-1.12.2.jar:/Users/mayank/.m2/repository/io/micrometer/micrometer-commons/1.12.2/micrometer-commons-1.12.2.jar:/Users/mayank/.m2/repository/io/micrometer/micrometer-jakarta9/1.12.2/micrometer-jakarta9-1.12.2.jar:/Users/mayank/.m2/repository/io/micrometer/micrometer-core/1.12.2/micrometer-core-1.12.2.jar:/Users/mayank/.m2/repository/org/hdrhistogram/HdrHistogram/2.1.12/HdrHistogram-2.1.12.jar:/Users/mayank/.m2/repository/org/latencyutils/LatencyUtils/2.0.3/LatencyUtils-2.0.3.jar:/Users/mayank/.m2/repository/org/springframework/boot/spring-boot-starter-data-mongodb/3.2.2/spring-boot-starter-data-mongodb-3.2.2.jar:/Users/mayank/.m2/repository/org/mongodb/mongodb-driver-sync/4.11.1/mongodb-driver-sync-4.11.1.jar:/Users/mayank/.m2/repository/org/mongodb/bson/4.11.1/bson-4.11.1.jar:/Users/mayank/.m2/repository/org/mongodb/mongodb-driver-core/4.11.1/mongodb-driver-core-4.11.1.jar:/Users/mayank/.m2/repository/org/mongodb/bson-record-codec/4.11.1/bson-record-codec-4.11.1.jar:/Users/mayank/.m2/repository/org/springframework/data/spring-data-mongodb/4.2.2/spring-data-mongodb-4.2.2.jar:/Users/mayank/.m2/repository/org/springframework/spring-tx/6.1.3/spring-tx-6.1.3.jar:/Users/mayank/.m2/repository/org/springframework/spring-expression/6.1.3/spring-expression-6.1.3.jar:/Users/mayank/.m2/repository/org/springframework/data/spring-data-commons/3.2.2/spring-data-commons-3.2.2.jar:/Users/mayank/.m2/repository/org/springframework/boot/spring-boot-starter-data-rest/3.2.2/spring-boot-starter-data-rest-3.2.2.jar:/Users/mayank/.m2/repository/org/springframework/data/spring-data-rest-webmvc/4.2.2/spring-data-rest-webmvc-4.2.2.jar:/Users/mayank/.m2/repository/org/springframework/data/spring-data-rest-core/4.2.2/spring-data-rest-core-4.2.2.jar:/Users/mayank/.m2/repository/org/springframework/hateoas/spring-hateoas/2.2.0/spring-hateoas-2.2.0.jar:/Users/mayank/.m2/repository/org/springframework/plugin/spring-plugin-core/3.0.0/spring-plugin-core-3.0.0.jar:/Users/mayank/.m2/repository/org/atteo/evo-inflector/1.3/evo-inflector-1.3.jar:/Users/mayank/.m2/repository/com/fasterxml/jackson/core/jackson-annotations/2.15.3/jackson-annotations-2.15.3.jar:/Users/mayank/.m2/repository/org/springframework/boot/spring-boot-starter-groovy-templates/3.2.2/spring-boot-starter-groovy-templates-3.2.2.jar:/Users/mayank/.m2/repository/org/apache/groovy/groovy-templates/4.0.17/groovy-templates-4.0.17.jar:/Users/mayank/.m2/repository/org/apache/groovy/groovy/4.0.17/groovy-4.0.17.jar:/Users/mayank/.m2/repository/org/apache/groovy/groovy-xml/4.0.17/groovy-xml-4.0.17.jar:/Users/mayank/.m2/repository/org/springframework/boot/spring-boot-starter-mustache/3.2.2/spring-boot-starter-mustache-3.2.2.jar:/Users/mayank/.m2/repository/com/samskivert/jmustache/1.15/jmustache-1.15.jar:/Users/mayank/.m2/repository/org/springframework/boot/spring-boot-starter-web/3.2.2/spring-boot-starter-web-3.2.2.jar:/Users/mayank/.m2/repository/org/springframework/boot/spring-boot-starter-json/3.2.2/spring-boot-starter-json-3.2.2.jar:/Users/mayank/.m2/repository/com/fasterxml/jackson/datatype/jackson-datatype-jdk8/2.15.3/jackson-datatype-jdk8-2.15.3.jar:/Users/mayank/.m2/repository/org/springframework/spring-web/6.1.3/spring-web-6.1.3.jar:/Users/mayank/.m2/repository/org/springframework/spring-webmvc/6.1.3/spring-webmvc-6.1.3.jar:/Users/mayank/.m2/repository/org/springframework/spring-aop/6.1.3/spring-aop-6.1.3.jar:/Users/mayank/.m2/repository/org/springframework/cloud/spring-cloud-starter-circuitbreaker-resilience4j/3.1.0/spring-cloud-starter-circuitbreaker-resilience4j-3.1.0.jar:/Users/mayank/.m2/repository/org/springframework/cloud/spring-cloud-starter/4.1.0/spring-cloud-starter-4.1.0.jar:/Users/mayank/.m2/repository/org/springframework/cloud/spring-cloud-context/4.1.0/spring-cloud-context-4.1.0.jar:/Users/mayank/.m2/repository/org/springframework/security/spring-security-crypto/6.2.1/spring-security-crypto-6.2.1.jar:/Users/mayank/.m2/repository/org/springframework/cloud/spring-cloud-commons/4.1.0/spring-cloud-commons-4.1.0.jar:/Users/mayank/.m2/repository/org/springframework/security/spring-security-rsa/1.1.1/spring-security-rsa-1.1.1.jar:/Users/mayank/.m2/repository/org/bouncycastle/bcprov-jdk18on/1.74/bcprov-jdk18on-1.74.jar:/Users/mayank/.m2/repository/org/springframework/cloud/spring-cloud-circuitbreaker-resilience4j/3.1.0/spring-cloud-circuitbreaker-resilience4j-3.1.0.jar:/Users/mayank/.m2/repository/io/github/resilience4j/resilience4j-spring-boot3/2.1.0/resilience4j-spring-boot3-2.1.0.jar:/Users/mayank/.m2/repository/io/github/resilience4j/resilience4j-spring6/2.1.0/resilience4j-spring6-2.1.0.jar:/Users/mayank/.m2/repository/io/github/resilience4j/resilience4j-annotations/2.1.0/resilience4j-annotations-2.1.0.jar:/Users/mayank/.m2/repository/io/github/resilience4j/resilience4j-consumer/2.1.0/resilience4j-consumer-2.1.0.jar:/Users/mayank/.m2/repository/io/github/resilience4j/resilience4j-circularbuffer/2.1.0/resilience4j-circularbuffer-2.1.0.jar:/Users/mayank/.m2/repository/io/github/resilience4j/resilience4j-framework-common/2.1.0/resilience4j-framework-common-2.1.0.jar:/Users/mayank/.m2/repository/io/github/resilience4j/resilience4j-micrometer/2.1.0/resilience4j-micrometer-2.1.0.jar:/Users/mayank/.m2/repository/io/github/resilience4j/resilience4j-ratelimiter/2.1.0/resilience4j-ratelimiter-2.1.0.jar:/Users/mayank/.m2/repository/io/github/resilience4j/resilience4j-circuitbreaker/2.1.0/resilience4j-circuitbreaker-2.1.0.jar:/Users/mayank/.m2/repository/io/github/resilience4j/resilience4j-core/2.1.0/resilience4j-core-2.1.0.jar:/Users/mayank/.m2/repository/io/github/resilience4j/resilience4j-timelimiter/2.1.0/resilience4j-timelimiter-2.1.0.jar:/Users/mayank/.m2/repository/org/springframework/session/spring-session-core/3.2.1/spring-session-core-3.2.1.jar:/Users/mayank/.m2/repository/org/springframework/spring-jcl/6.1.3/spring-jcl-6.1.3.jar:/Users/mayank/.m2/repository/org/springframework/boot/spring-boot-docker-compose/3.2.2/spring-boot-docker-compose-3.2.2.jar:/Users/mayank/.m2/repository/org/springframework/boot/spring-boot/3.2.2/spring-boot-3.2.2.jar:/Users/mayank/.m2/repository/com/fasterxml/jackson/core/jackson-databind/2.15.3/jackson-databind-2.15.3.jar:/Users/mayank/.m2/repository/com/fasterxml/jackson/core/jackson-core/2.15.3/jackson-core-2.15.3.jar:/Users/mayank/.m2/repository/com/fasterxml/jackson/module/jackson-module-parameter-names/2.15.3/jackson-module-parameter-names-2.15.3.jar:/Users/mayank/.m2/repository/io/camunda/spring/spring-boot-starter-camunda/8.5.3/spring-boot-starter-camunda-8.5.3.jar:/Users/mayank/.m2/repository/io/camunda/spring/spring-client-zeebe/8.5.3/spring-client-zeebe-8.5.3.jar:/Users/mayank/.m2/repository/io/camunda/spring/spring-client-annotations/8.5.3/spring-client-annotations-8.5.3.jar:/Users/mayank/.m2/repository/io/camunda/zeebe-client-java/8.5.0/zeebe-client-java-8.5.0.jar:/Users/mayank/.m2/repository/org/apache/httpcomponents/core5/httpcore5/5.2.4/httpcore5-5.2.4.jar:/Users/mayank/.m2/repository/io/camunda/zeebe-gateway-protocol-impl/8.5.0/zeebe-gateway-protocol-impl-8.5.0.jar:/Users/mayank/.m2/repository/org/apache/httpcomponents/client5/httpclient5/5.2.3/httpclient5-5.2.3.jar:/Users/mayank/.m2/repository/org/apache/httpcomponents/core5/httpcore5-h2/5.2.4/httpcore5-h2-5.2.4.jar:/Users/mayank/.m2/repository/io/grpc/grpc-util/1.62.2/grpc-util-1.62.2.jar:/Users/mayank/.m2/repository/io/netty/netty-handler/4.1.105.Final/netty-handler-4.1.105.Final.jar:/Users/mayank/.m2/repository/io/netty/netty-resolver/4.1.105.Final/netty-resolver-4.1.105.Final.jar:/Users/mayank/.m2/repository/io/netty/netty-common/4.1.105.Final/netty-common-4.1.105.Final.jar:/Users/mayank/.m2/repository/com/fasterxml/jackson/dataformat/jackson-dataformat-yaml/2.15.3/jackson-dataformat-yaml-2.15.3.jar:/Users/mayank/.m2/repository/commons-beanutils/commons-beanutils/1.9.4/commons-beanutils-1.9.4.jar:/Users/mayank/.m2/repository/commons-logging/commons-logging/1.2/commons-logging-1.2.jar:/Users/mayank/.m2/repository/commons-collections/commons-collections/3.2.2/commons-collections-3.2.2.jar:/Users/mayank/.m2/repository/io/camunda/spring/java-client-operate/8.5.3/java-client-operate-8.5.3.jar:/Users/mayank/.m2/repository/io/camunda/spring/java-common/8.5.3/java-common-8.5.3.jar:/Users/mayank/.m2/repository/io/camunda/zeebe-bpmn-model/8.5.0/zeebe-bpmn-model-8.5.0.jar:/Users/mayank/.m2/repository/org/camunda/bpm/model/camunda-xml-model/7.20.0/camunda-xml-model-7.20.0.jar:/Users/mayank/.m2/repository/io/github/resilience4j/resilience4j-retry/2.1.0/resilience4j-retry-2.1.0.jar:/Users/mayank/.m2/repository/io/camunda/spring/spring-client-common/8.5.3/spring-client-common-8.5.3.jar:/Users/mayank/.m2/repository/io/camunda/identity-spring-boot-autoconfigure/8.5.1/identity-spring-boot-autoconfigure-8.5.1.jar:/Users/mayank/.m2/repository/io/camunda/identity-sdk/8.5.1/identity-sdk-8.5.1.jar:/Users/mayank/.m2/repository/com/auth0/java-jwt/4.4.0/java-jwt-4.4.0.jar:/Users/mayank/.m2/repository/com/auth0/auth0/1.45.1/auth0-1.45.1.jar:/Users/mayank/.m2/repository/com/squareup/okhttp3/okhttp/4.12.0/okhttp-4.12.0.jar:/Users/mayank/.m2/repository/org/jetbrains/kotlin/kotlin-stdlib-jdk8/1.9.22/kotlin-stdlib-jdk8-1.9.22.jar:/Users/mayank/.m2/repository/org/jetbrains/kotlin/kotlin-stdlib/1.9.22/kotlin-stdlib-1.9.22.jar:/Users/mayank/.m2/repository/org/jetbrains/kotlin/kotlin-stdlib-jdk7/1.9.22/kotlin-stdlib-jdk7-1.9.22.jar:/Users/mayank/.m2/repository/com/squareup/okhttp3/logging-interceptor/4.12.0/logging-interceptor-4.12.0.jar:/Users/mayank/.m2/repository/net/jodah/failsafe/2.4.1/failsafe-2.4.1.jar:/Users/mayank/.m2/repository/com/auth0/jwks-rsa/0.22.1/jwks-rsa-0.22.1.jar:/Users/mayank/.m2/repository/org/apache/commons/commons-collections4/4.4/commons-collections4-4.4.jar:/Users/mayank/.m2/repository/org/ehcache/ehcache/3.10.8/ehcache-3.10.8.jar:/Users/mayank/.m2/repository/javax/cache/cache-api/1.1.1/cache-api-1.1.1.jar:/Users/mayank/.m2/repository/org/slf4j/slf4j-api/2.0.11/slf4j-api-2.0.11.jar:/Users/mayank/.m2/repository/io/camunda/spring/spring-boot-starter-camunda-test/8.5.3/spring-boot-starter-camunda-test-8.5.3.jar:/Users/mayank/.m2/repository/io/camunda/spring/spring-boot-starter-camunda-test-common/8.5.3/spring-boot-starter-camunda-test-common-8.5.3.jar:/Users/mayank/.m2/repository/io/camunda/zeebe-process-test-extension/8.5.0/zeebe-process-test-extension-8.5.0.jar:/Users/mayank/.m2/repository/io/camunda/zeebe-process-test-engine/8.5.0/zeebe-process-test-engine-8.5.0.jar:/Users/mayank/.m2/repository/io/camunda/zeebe-workflow-engine/8.5.0/zeebe-workflow-engine-8.5.0.jar:/Users/mayank/.m2/repository/io/camunda/zeebe-msgpack-core/8.5.0/zeebe-msgpack-core-8.5.0.jar:/Users/mayank/.m2/repository/io/camunda/zeebe-expression-language/8.5.0/zeebe-expression-language-8.5.0.jar:/Users/mayank/.m2/repository/io/camunda/zeebe-feel-integration/8.5.0/zeebe-feel-integration-8.5.0.jar:/Users/mayank/.m2/repository/org/scala-lang/scala-library/2.13.13/scala-library-2.13.13.jar:/Users/mayank/.m2/repository/io/camunda/zeebe-dmn/8.5.0/zeebe-dmn-8.5.0.jar:/Users/mayank/.m2/repository/org/camunda/bpm/extension/dmn/scala/dmn-engine/1.9.0/dmn-engine-1.9.0.jar:/Users/mayank/.m2/repository/org/camunda/bpm/model/camunda-dmn-model/7.20.0/camunda-dmn-model-7.20.0.jar:/Users/mayank/.m2/repository/io/camunda/zeebe-auth/8.5.0/zeebe-auth-8.5.0.jar:/Users/mayank/.m2/repository/io/prometheus/simpleclient/0.16.0/simpleclient-0.16.0.jar:/Users/mayank/.m2/repository/io/prometheus/simpleclient_tracer_otel/0.16.0/simpleclient_tracer_otel-0.16.0.jar:/Users/mayank/.m2/repository/io/prometheus/simpleclient_tracer_common/0.16.0/simpleclient_tracer_common-0.16.0.jar:/Users/mayank/.m2/repository/io/prometheus/simpleclient_tracer_otel_agent/0.16.0/simpleclient_tracer_otel_agent-0.16.0.jar:/Users/mayank/.m2/repository/com/cronutils/cron-utils/9.2.1/cron-utils-9.2.1.jar:/Users/mayank/.m2/repository/org/camunda/feel/feel-engine/1.17.5/feel-engine-1.17.5.jar:/Users/mayank/.m2/repository/com/lihaoyi/fastparse_2.13/3.0.2/fastparse_2.13-3.0.2.jar:/Users/mayank/.m2/repository/com/lihaoyi/sourcecode_2.13/0.3.0/sourcecode_2.13-0.3.0.jar:/Users/mayank/.m2/repository/com/lihaoyi/geny_2.13/1.0.0/geny_2.13-1.0.0.jar:/Users/mayank/.m2/repository/io/camunda/zeebe-util/8.5.0/zeebe-util-8.5.0.jar:/Users/mayank/.m2/repository/io/camunda/zeebe-logstreams/8.5.0/zeebe-logstreams-8.5.0.jar:/Users/mayank/.m2/repository/com/netflix/concurrency-limits/concurrency-limits-core/0.4.2/concurrency-limits-core-0.4.2.jar:/Users/mayank/.m2/repository/io/camunda/zeebe-msgpack-value/8.5.0/zeebe-msgpack-value-8.5.0.jar:/Users/mayank/.m2/repository/io/camunda/zeebe-protocol/8.5.0/zeebe-protocol-8.5.0.jar:/Users/mayank/.m2/repository/io/camunda/zeebe-protocol-impl/8.5.0/zeebe-protocol-impl-8.5.0.jar:/Users/mayank/.m2/repository/org/msgpack/jackson-dataformat-msgpack/0.9.8/jackson-dataformat-msgpack-0.9.8.jar:/Users/mayank/.m2/repository/org/msgpack/msgpack-core/0.9.8/msgpack-core-0.9.8.jar:/Users/mayank/.m2/repository/io/camunda/zeebe-db/8.5.0/zeebe-db-8.5.0.jar:/Users/mayank/.m2/repository/org/rocksdb/rocksdbjni/8.11.3/rocksdbjni-8.11.3.jar:/Users/mayank/.m2/repository/io/camunda/zeebe-scheduler/8.5.0/zeebe-scheduler-8.5.0.jar:/Users/mayank/.m2/repository/org/jetbrains/annotations/24.1.0/annotations-24.1.0.jar:/Users/mayank/.m2/repository/io/camunda/zeebe-stream-platform/8.5.0/zeebe-stream-platform-8.5.0.jar:/Users/mayank/.m2/repository/org/agrona/agrona/1.21.0/agrona-1.21.0.jar:/Users/mayank/.m2/repository/io/camunda/zeebe-process-test-assertions/8.5.0/zeebe-process-test-assertions-8.5.0.jar:/Users/mayank/.m2/repository/io/camunda/zeebe-process-test-filters/8.5.0/zeebe-process-test-filters-8.5.0.jar:/Users/mayank/.m2/repository/io/camunda/zeebe-process-test-api/8.5.0/zeebe-process-test-api-8.5.0.jar:/Users/mayank/.m2/repository/org/junit/platform/junit-platform-commons/1.10.1/junit-platform-commons-1.10.1.jar:/Users/mayank/.m2/repository/org/apiguardian/apiguardian-api/1.1.2/apiguardian-api-1.1.2.jar:/Users/mayank/.m2/repository/org/junit/jupiter/junit-jupiter-api/5.10.1/junit-jupiter-api-5.10.1.jar:/Users/mayank/.m2/repository/org/opentest4j/opentest4j/1.3.0/opentest4j-1.3.0.jar:/Users/mayank/.m2/repository/com/google/protobuf/protobuf-java/3.23.2/protobuf-java-3.23.2.jar:/Users/mayank/.m2/repository/com/h2database/h2/2.2.224/h2-2.2.224.jar:/Users/mayank/.m2/repository/org/hsqldb/hsqldb/2.7.2/hsqldb-2.7.2.jar:/Users/mayank/.m2/repository/org/projectlombok/lombok/1.18.30/lombok-1.18.30.jar:/Users/mayank/.m2/repository/org/springframework/boot/spring-boot-starter-tomcat/3.2.2/spring-boot-starter-tomcat-3.2.2.jar:/Users/mayank/.m2/repository/jakarta/annotation/jakarta.annotation-api/2.1.1/jakarta.annotation-api-2.1.1.jar:/Users/mayank/.m2/repository/org/apache/tomcat/embed/tomcat-embed-core/10.1.18/tomcat-embed-core-10.1.18.jar:/Users/mayank/.m2/repository/org/apache/tomcat/embed/tomcat-embed-el/10.1.18/tomcat-embed-el-10.1.18.jar:/Users/mayank/.m2/repository/org/apache/tomcat/embed/tomcat-embed-websocket/10.1.18/tomcat-embed-websocket-10.1.18.jar:/Users/mayank/.m2/repository/org/springframework/boot/spring-boot-starter-test/3.2.2/spring-boot-starter-test-3.2.2.jar:/Users/mayank/.m2/repository/org/springframework/boot/spring-boot-test/3.2.2/spring-boot-test-3.2.2.jar:/Users/mayank/.m2/repository/org/springframework/boot/spring-boot-test-autoconfigure/3.2.2/spring-boot-test-autoconfigure-3.2.2.jar:/Users/mayank/.m2/repository/com/jayway/jsonpath/json-path/2.8.0/json-path-2.8.0.jar:/Users/mayank/.m2/repository/jakarta/xml/bind/jakarta.xml.bind-api/4.0.1/jakarta.xml.bind-api-4.0.1.jar:/Users/mayank/.m2/repository/jakarta/activation/jakarta.activation-api/2.1.2/jakarta.activation-api-2.1.2.jar:/Users/mayank/.m2/repository/net/minidev/json-smart/2.5.0/json-smart-2.5.0.jar:/Users/mayank/.m2/repository/net/minidev/accessors-smart/2.5.0/accessors-smart-2.5.0.jar:/Users/mayank/.m2/repository/org/ow2/asm/asm/9.3/asm-9.3.jar:/Users/mayank/.m2/repository/org/assertj/assertj-core/3.24.2/assertj-core-3.24.2.jar:/Users/mayank/.m2/repository/net/bytebuddy/byte-buddy/1.14.11/byte-buddy-1.14.11.jar:/Users/mayank/.m2/repository/org/awaitility/awaitility/4.2.0/awaitility-4.2.0.jar:/Users/mayank/.m2/repository/org/hamcrest/hamcrest/2.2/hamcrest-2.2.jar:/Users/mayank/.m2/repository/org/junit/jupiter/junit-jupiter/5.10.1/junit-jupiter-5.10.1.jar:/Users/mayank/.m2/repository/org/junit/jupiter/junit-jupiter-params/5.10.1/junit-jupiter-params-5.10.1.jar:/Users/mayank/.m2/repository/org/junit/jupiter/junit-jupiter-engine/5.10.1/junit-jupiter-engine-5.10.1.jar:/Users/mayank/.m2/repository/org/junit/platform/junit-platform-engine/1.10.1/junit-platform-engine-1.10.1.jar:/Users/mayank/.m2/repository/org/mockito/mockito-core/5.7.0/mockito-core-5.7.0.jar:/Users/mayank/.m2/repository/net/bytebuddy/byte-buddy-agent/1.14.11/byte-buddy-agent-1.14.11.jar:/Users/mayank/.m2/repository/org/objenesis/objenesis/3.3/objenesis-3.3.jar:/Users/mayank/.m2/repository/org/mockito/mockito-junit-jupiter/5.7.0/mockito-junit-jupiter-5.7.0.jar:/Users/mayank/.m2/repository/org/skyscreamer/jsonassert/1.5.1/jsonassert-1.5.1.jar:/Users/mayank/.m2/repository/com/vaadin/external/google/android-json/0.0.20131108.vaadin1/android-json-0.0.20131108.vaadin1.jar:/Users/mayank/.m2/repository/org/springframework/spring-core/6.1.3/spring-core-6.1.3.jar:/Users/mayank/.m2/repository/org/springframework/spring-test/6.1.3/spring-test-6.1.3.jar:/Users/mayank/.m2/repository/org/xmlunit/xmlunit-core/2.9.1/xmlunit-core-2.9.1.jar:/Users/mayank/.m2/repository/org/springframework/spring-webflux/6.1.3/spring-webflux-6.1.3.jar:/Users/mayank/.m2/repository/org/springframework/spring-beans/6.1.3/spring-beans-6.1.3.jar:/Users/mayank/.m2/repository/io/projectreactor/reactor-core/3.6.2/reactor-core-3.6.2.jar:/Users/mayank/.m2/repository/org/reactivestreams/reactive-streams/1.0.4/reactive-streams-1.0.4.jar:/Users/mayank/.m2/repository/org/springframework/graphql/spring-graphql-test/1.2.4/spring-graphql-test-1.2.4.jar:/Users/mayank/.m2/repository/org/springframework/graphql/spring-graphql/1.2.4/spring-graphql-1.2.4.jar:/Users/mayank/.m2/repository/io/micrometer/context-propagation/1.0.6/context-propagation-1.0.6.jar:/Users/mayank/.m2/repository/com/graphql-java/graphql-java/21.3/graphql-java-21.3.jar:/Users/mayank/.m2/repository/com/graphql-java/java-dataloader/3.2.1/java-dataloader-3.2.1.jar:/Users/mayank/.m2/repository/org/springframework/spring-context/6.1.3/spring-context-6.1.3.jar:/Users/mayank/.m2/repository/org/springframework/restdocs/spring-restdocs-mockmvc/3.0.1/spring-restdocs-mockmvc-3.0.1.jar:/Users/mayank/.m2/repository/org/springframework/restdocs/spring-restdocs-core/3.0.1/spring-restdocs-core-3.0.1.jar:/Users/mayank/.m2/repository/jakarta/servlet/jakarta.servlet-api/6.0.0/jakarta.servlet-api-6.0.0.jar:/Users/mayank/.m2/repository/io/orkes/conductor/orkes-conductor-client/2.1.1/orkes-conductor-client-2.1.1.jar:/Users/mayank/.m2/repository/io/orkes/conductor/conductor-common/3.9.30-orkes/conductor-common-3.9.30-orkes.jar:/Users/mayank/.m2/repository/io/orkes/conductor/conductor-annotations/3.9.30-orkes/conductor-annotations-3.9.30-orkes.jar:/Users/mayank/.m2/repository/org/apache/bval/bval-jsr/2.0.5/bval-jsr-2.0.5.jar:/Users/mayank/.m2/repository/io/orkes/conductor/conductor-grpc/3.9.30-orkes/conductor-grpc-3.9.30-orkes.jar:/Users/mayank/.m2/repository/io/orkes/conductor/conductor-java-sdk/3.9.30-orkes/conductor-java-sdk-3.9.30-orkes.jar:/Users/mayank/.m2/repository/io/orkes/conductor/conductor-client/3.9.30-orkes/conductor-client-3.9.30-orkes.jar:/Users/mayank/.m2/repository/commons-io/commons-io/2.7/commons-io-2.7.jar:/Users/mayank/.m2/repository/com/google/guava/guava/30.0-jre/guava-30.0-jre.jar:/Users/mayank/.m2/repository/com/google/guava/failureaccess/1.0.1/failureaccess-1.0.1.jar:/Users/mayank/.m2/repository/com/google/guava/listenablefuture/9999.0-empty-to-avoid-conflict-with-guava/listenablefuture-9999.0-empty-to-avoid-conflict-with-guava.jar:/Users/mayank/.m2/repository/org/checkerframework/checker-qual/3.5.0/checker-qual-3.5.0.jar:/Users/mayank/.m2/repository/com/google/j2objc/j2objc-annotations/1.3/j2objc-annotations-1.3.jar:/Users/mayank/.m2/repository/cglib/cglib/3.3.0/cglib-3.3.0.jar:/Users/mayank/.m2/repository/com/sun/jersey/jersey-client/1.19.4/jersey-client-1.19.4.jar:/Users/mayank/.m2/repository/com/sun/jersey/jersey-core/1.19.4/jersey-core-1.19.4.jar:/Users/mayank/.m2/repository/javax/ws/rs/jsr311-api/1.1.1/jsr311-api-1.1.1.jar:/Users/mayank/.m2/repository/org/glassfish/jersey/core/jersey-common/3.1.5/jersey-common-3.1.5.jar:/Users/mayank/.m2/repository/org/glassfish/hk2/osgi-resource-locator/1.0.3/osgi-resource-locator-1.0.3.jar:/Users/mayank/.m2/repository/io/orkes/conductor/orkes-conductor-common-protos/0.9.2/orkes-conductor-common-protos-0.9.2.jar:/Users/mayank/.m2/repository/javax/annotation/javax.annotation-api/1.3.2/javax.annotation-api-1.3.2.jar:/Users/mayank/.m2/repository/com/fasterxml/jackson/jaxrs/jackson-jaxrs-json-provider/2.15.3/jackson-jaxrs-json-provider-2.15.3.jar:/Users/mayank/.m2/repository/com/fasterxml/jackson/jaxrs/jackson-jaxrs-base/2.15.3/jackson-jaxrs-base-2.15.3.jar:/Users/mayank/.m2/repository/com/fasterxml/jackson/module/jackson-module-jaxb-annotations/2.15.3/jackson-module-jaxb-annotations-2.15.3.jar:/Users/mayank/.m2/repository/com/fasterxml/jackson/datatype/jackson-datatype-jsr310/2.15.3/jackson-datatype-jsr310-2.15.3.jar:/Users/mayank/.m2/repository/io/grpc/grpc-netty/1.49.0/grpc-netty-1.49.0.jar:/Users/mayank/.m2/repository/io/grpc/grpc-core/1.49.0/grpc-core-1.49.0.jar:/Users/mayank/.m2/repository/com/google/code/gson/gson/2.10.1/gson-2.10.1.jar:/Users/mayank/.m2/repository/com/google/android/annotations/4.1.1.4/annotations-4.1.1.4.jar:/Users/mayank/.m2/repository/org/codehaus/mojo/animal-sniffer-annotations/1.21/animal-sniffer-annotations-1.21.jar:/Users/mayank/.m2/repository/io/netty/netty-codec-http2/4.1.105.Final/netty-codec-http2-4.1.105.Final.jar:/Users/mayank/.m2/repository/io/netty/netty-buffer/4.1.105.Final/netty-buffer-4.1.105.Final.jar:/Users/mayank/.m2/repository/io/netty/netty-transport/4.1.105.Final/netty-transport-4.1.105.Final.jar:/Users/mayank/.m2/repository/io/netty/netty-codec/4.1.105.Final/netty-codec-4.1.105.Final.jar:/Users/mayank/.m2/repository/io/netty/netty-codec-http/4.1.105.Final/netty-codec-http-4.1.105.Final.jar:/Users/mayank/.m2/repository/io/netty/netty-handler-proxy/4.1.105.Final/netty-handler-proxy-4.1.105.Final.jar:/Users/mayank/.m2/repository/io/netty/netty-codec-socks/4.1.105.Final/netty-codec-socks-4.1.105.Final.jar:/Users/mayank/.m2/repository/com/google/errorprone/error_prone_annotations/2.14.0/error_prone_annotations-2.14.0.jar:/Users/mayank/.m2/repository/io/perfmark/perfmark-api/0.25.0/perfmark-api-0.25.0.jar:/Users/mayank/.m2/repository/io/netty/netty-transport-native-unix-common/4.1.105.Final/netty-transport-native-unix-common-4.1.105.Final.jar:/Users/mayank/.m2/repository/io/grpc/grpc-stub/1.49.0/grpc-stub-1.49.0.jar:/Users/mayank/.m2/repository/io/grpc/grpc-api/1.49.0/grpc-api-1.49.0.jar:/Users/mayank/.m2/repository/io/grpc/grpc-context/1.49.0/grpc-context-1.49.0.jar:/Users/mayank/.m2/repository/io/grpc/grpc-protobuf/1.49.0/grpc-protobuf-1.49.0.jar:/Users/mayank/.m2/repository/com/google/code/findbugs/jsr305/3.0.2/jsr305-3.0.2.jar:/Users/mayank/.m2/repository/com/google/api/grpc/proto-google-common-protos/2.9.0/proto-google-common-protos-2.9.0.jar:/Users/mayank/.m2/repository/io/grpc/grpc-protobuf-lite/1.49.0/grpc-protobuf-lite-1.49.0.jar:/Users/mayank/.m2/repository/io/netty/netty-tcnative-boringssl-static/2.0.61.Final/netty-tcnative-boringssl-static-2.0.61.Final.jar:/Users/mayank/.m2/repository/io/netty/netty-tcnative-classes/2.0.61.Final/netty-tcnative-classes-2.0.61.Final.jar:/Users/mayank/.m2/repository/io/netty/netty-tcnative-boringssl-static/2.0.61.Final/netty-tcnative-boringssl-static-2.0.61.Final-linux-x86_64.jar:/Users/mayank/.m2/repository/io/netty/netty-tcnative-boringssl-static/2.0.61.Final/netty-tcnative-boringssl-static-2.0.61.Final-linux-aarch_64.jar:/Users/mayank/.m2/repository/io/netty/netty-tcnative-boringssl-static/2.0.61.Final/netty-tcnative-boringssl-static-2.0.61.Final-osx-x86_64.jar:/Users/mayank/.m2/repository/io/netty/netty-tcnative-boringssl-static/2.0.61.Final/netty-tcnative-boringssl-static-2.0.61.Final-osx-aarch_64.jar:/Users/mayank/.m2/repository/io/netty/netty-tcnative-boringssl-static/2.0.61.Final/netty-tcnative-boringssl-static-2.0.61.Final-windows-x86_64.jar:/Users/mayank/.m2/repository/org/apache/kafka/kafka-clients/3.6.1/kafka-clients-3.6.1.jar:/Users/mayank/.m2/repository/com/github/luben/zstd-jni/1.5.5-1/zstd-jni-1.5.5-1.jar:/Users/mayank/.m2/repository/org/lz4/lz4-java/1.8.0/lz4-java-1.8.0.jar:/Users/mayank/.m2/repository/org/xerial/snappy/snappy-java/1.1.10.5/snappy-java-1.1.10.5.jar:/Users/mayank/.m2/repository/com/netflix/spectator/spectator-api/1.3.7/spectator-api-1.3.7.jar:/Users/mayank/.m2/repository/com/netflix/eureka/eureka-client/2.0.1/eureka-client-2.0.1.jar:/Users/mayank/.m2/repository/com/netflix/netflix-commons/netflix-eventbus/0.3.0/netflix-eventbus-0.3.0.jar:/Users/mayank/.m2/repository/com/netflix/netflix-commons/netflix-infix/0.3.0/netflix-infix-0.3.0.jar:/Users/mayank/.m2/repository/commons-jxpath/commons-jxpath/1.3/commons-jxpath-1.3.jar:/Users/mayank/.m2/repository/org/antlr/antlr-runtime/3.4/antlr-runtime-3.4.jar:/Users/mayank/.m2/repository/org/antlr/stringtemplate/3.2.1/stringtemplate-3.2.1.jar:/Users/mayank/.m2/repository/antlr/antlr/2.7.7/antlr-2.7.7.jar:/Users/mayank/.m2/repository/org/apache/commons/commons-math/2.2/commons-math-2.2.jar:/Users/mayank/.m2/repository/com/thoughtworks/xstream/xstream/1.4.19/xstream-1.4.19.jar:/Users/mayank/.m2/repository/io/github/x-stream/mxparser/1.2.2/mxparser-1.2.2.jar:/Users/mayank/.m2/repository/xmlpull/xmlpull/1.1.3.1/xmlpull-1.1.3.1.jar:/Users/mayank/.m2/repository/jakarta/ws/rs/jakarta.ws.rs-api/3.1.0/jakarta.ws.rs-api-3.1.0.jar:/Users/mayank/.m2/repository/jakarta/inject/jakarta.inject-api/2.0.1/jakarta.inject-api-2.0.1.jar:/Users/mayank/.m2/repository/com/netflix/servo/servo-core/0.12.21/servo-core-0.12.21.jar:/Users/mayank/.m2/repository/org/apache/httpcomponents/httpclient/4.5.3/httpclient-4.5.3.jar:/Users/mayank/.m2/repository/org/apache/httpcomponents/httpcore/4.4.16/httpcore-4.4.16.jar:/Users/mayank/.m2/repository/commons-codec/commons-codec/1.16.0/commons-codec-1.16.0.jar:/Users/mayank/.m2/repository/commons-configuration/commons-configuration/1.10/commons-configuration-1.10.jar:/Users/mayank/.m2/repository/commons-lang/commons-lang/2.6/commons-lang-2.6.jar:/Users/mayank/.m2/repository/org/codehaus/jettison/jettison/1.4.0/jettison-1.4.0.jar:/Users/mayank/.m2/repository/com/squareup/okhttp/okhttp/2.7.5/okhttp-2.7.5.jar:/Users/mayank/.m2/repository/com/squareup/okio/okio/1.6.0/okio-1.6.0.jar:/Users/mayank/.m2/repository/com/squareup/okhttp/logging-interceptor/2.7.5/logging-interceptor-2.7.5.jar:/Users/mayank/.m2/repository/io/swagger/core/v3/swagger-annotations/2.2.2/swagger-annotations-2.2.2.jar:/Users/mayank/.m2/repository/org/apache/commons/commons-lang3/3.13.0/commons-lang3-3.13.0.jar:/Users/mayank/.m2/repository/org/threeten/threetenbp/1.6.1/threetenbp-1.6.1.jar:/Users/mayank/.m2/repository/com/amazonaws/aws-java-sdk-ssm/1.12.300/aws-java-sdk-ssm-1.12.300.jar:/Users/mayank/.m2/repository/com/amazonaws/aws-java-sdk-core/1.12.300/aws-java-sdk-core-1.12.300.jar:/Users/mayank/.m2/repository/software/amazon/ion/ion-java/1.0.2/ion-java-1.0.2.jar:/Users/mayank/.m2/repository/com/fasterxml/jackson/dataformat/jackson-dataformat-cbor/2.15.3/jackson-dataformat-cbor-2.15.3.jar:/Users/mayank/.m2/repository/joda-time/joda-time/2.8.1/joda-time-2.8.1.jar:/Users/mayank/.m2/repository/com/amazonaws/jmespath-java/1.12.300/jmespath-java-1.12.300.jar:/Users/mayank/.m2/repository/com/azure/azure-security-keyvault-secrets/4.2.3/azure-security-keyvault-secrets-4.2.3.jar:/Users/mayank/.m2/repository/com/azure/azure-core/1.10.0/azure-core-1.10.0.jar:/Users/mayank/.m2/repository/com/fasterxml/jackson/dataformat/jackson-dataformat-xml/2.15.3/jackson-dataformat-xml-2.15.3.jar:/Users/mayank/.m2/repository/org/codehaus/woodstox/stax2-api/4.2.1/stax2-api-4.2.1.jar:/Users/mayank/.m2/repository/com/fasterxml/woodstox/woodstox-core/6.5.1/woodstox-core-6.5.1.jar:/Users/mayank/.m2/repository/com/azure/azure-core-http-netty/1.6.3/azure-core-http-netty-1.6.3.jar:/Users/mayank/.m2/repository/io/netty/netty-transport-native-epoll/4.1.105.Final/netty-transport-native-epoll-4.1.105.Final-linux-x86_64.jar:/Users/mayank/.m2/repository/io/netty/netty-transport-classes-epoll/4.1.105.Final/netty-transport-classes-epoll-4.1.105.Final.jar:/Users/mayank/.m2/repository/io/netty/netty-transport-native-kqueue/4.1.105.Final/netty-transport-native-kqueue-4.1.105.Final-osx-x86_64.jar:/Users/mayank/.m2/repository/io/netty/netty-transport-classes-kqueue/4.1.105.Final/netty-transport-classes-kqueue-4.1.105.Final.jar:/Users/mayank/.m2/repository/io/projectreactor/netty/reactor-netty/1.1.15/reactor-netty-1.1.15.jar:/Users/mayank/.m2/repository/io/projectreactor/netty/reactor-netty-core/1.1.15/reactor-netty-core-1.1.15.jar:/Users/mayank/.m2/repository/io/netty/netty-resolver-dns/4.1.105.Final/netty-resolver-dns-4.1.105.Final.jar:/Users/mayank/.m2/repository/io/netty/netty-codec-dns/4.1.105.Final/netty-codec-dns-4.1.105.Final.jar:/Users/mayank/.m2/repository/io/netty/netty-resolver-dns-native-macos/4.1.105.Final/netty-resolver-dns-native-macos-4.1.105.Final-osx-x86_64.jar:/Users/mayank/.m2/repository/io/netty/netty-resolver-dns-classes-macos/4.1.105.Final/netty-resolver-dns-classes-macos-4.1.105.Final.jar:/Users/mayank/.m2/repository/io/projectreactor/netty/reactor-netty-http/1.1.15/reactor-netty-http-1.1.15.jar:/Users/mayank/.m2/repository/io/projectreactor/netty/incubator/reactor-netty-incubator-quic/0.1.15/reactor-netty-incubator-quic-0.1.15.jar:/Users/mayank/.m2/repository/io/netty/incubator/netty-incubator-codec-native-quic/0.0.55.Final/netty-incubator-codec-native-quic-0.0.55.Final-linux-x86_64.jar:/Users/mayank/.m2/repository/io/netty/incubator/netty-incubator-codec-classes-quic/0.0.55.Final/netty-incubator-codec-classes-quic-0.0.55.Final.jar:/Users/mayank/.m2/repository/com/azure/azure-identity/1.3.7/azure-identity-1.3.7.jar:/Users/mayank/.m2/repository/com/microsoft/azure/msal4j/1.11.0/msal4j-1.11.0.jar:/Users/mayank/.m2/repository/com/nimbusds/oauth2-oidc-sdk/9.7/oauth2-oidc-sdk-9.7.jar:/Users/mayank/.m2/repository/com/github/stephenc/jcip/jcip-annotations/1.0-1/jcip-annotations-1.0-1.jar:/Users/mayank/.m2/repository/com/nimbusds/content-type/2.1/content-type-2.1.jar:/Users/mayank/.m2/repository/com/nimbusds/lang-tag/1.5/lang-tag-1.5.jar:/Users/mayank/.m2/repository/com/nimbusds/nimbus-jose-jwt/9.9.3/nimbus-jose-jwt-9.9.3.jar:/Users/mayank/.m2/repository/com/microsoft/azure/msal4j-persistence-extension/1.1.0/msal4j-persistence-extension-1.1.0.jar:/Users/mayank/.m2/repository/net/java/dev/jna/jna/5.5.0/jna-5.5.0.jar:/Users/mayank/.m2/repository/net/java/dev/jna/jna-platform/5.6.0/jna-platform-5.6.0.jar:/Users/mayank/.m2/repository/org/apache/logging/log4j/log4j-core/2.21.1/log4j-core-2.21.1.jar:/Users/mayank/.m2/repository/org/apache/logging/log4j/log4j-api/2.21.1/log4j-api-2.21.1.jar:/Users/mayank/.m2/repository/org/apache/logging/log4j/log4j-slf4j-impl/2.21.1/log4j-slf4j-impl-2.21.1.jar:/Users/mayank/.m2/repository/org/apache/logging/log4j/log4j-jul/2.21.1/log4j-jul-2.21.1.jar:/Users/mayank/.m2/repository/org/apache/logging/log4j/log4j-web/2.21.1/log4j-web-2.21.1.jar:"/>
    <property name="java.vm.vendor" value="Oracle Corporation"/>
    <property name="sun.arch.data.model" value="64"/>
    <property name="java.vendor.url" value="https://java.oracle.com/"/>
    <property name="os.name" value="Mac OS X"/>
    <property name="java.vm.specification.version" value="21"/>
    <property name="sun.java.launcher" value="SUN_STANDARD"/>
    <property name="user.country" value="IN"/>
    <property name="sun.boot.library.path" value="/Library/Java/JavaVirtualMachines/jdk-21.jdk/Contents/Home/lib"/>
    <property name="sun.java.command" value="/Users/mayank/workspace/workflow_service/workflow_service/target/surefire/surefirebooter-20240614185521182_3.jar /Users/mayank/workspace/workflow_service/workflow_service/target/surefire 2024-06-14T18-55-20_861-jvmRun1 surefire-20240614185521182_1tmp surefire_0-20240614185521182_2tmp"/>
    <property name="http.nonProxyHosts" value="local|*.local|169.254/16|*.169.254/16"/>
    <property name="jdk.debug" value="release"/>
    <property name="surefire.test.class.path" value="/Users/mayank/workspace/workflow_service/workflow_service/target/test-classes:/Users/mayank/workspace/workflow_service/workflow_service/target/classes:/Users/mayank/.m2/repository/org/springframework/boot/spring-boot-starter-actuator/3.2.2/spring-boot-starter-actuator-3.2.2.jar:/Users/mayank/.m2/repository/org/springframework/boot/spring-boot-starter/3.2.2/spring-boot-starter-3.2.2.jar:/Users/mayank/.m2/repository/org/springframework/boot/spring-boot-autoconfigure/3.2.2/spring-boot-autoconfigure-3.2.2.jar:/Users/mayank/.m2/repository/org/springframework/boot/spring-boot-starter-logging/3.2.2/spring-boot-starter-logging-3.2.2.jar:/Users/mayank/.m2/repository/ch/qos/logback/logback-classic/1.4.14/logback-classic-1.4.14.jar:/Users/mayank/.m2/repository/ch/qos/logback/logback-core/1.4.14/logback-core-1.4.14.jar:/Users/mayank/.m2/repository/org/apache/logging/log4j/log4j-to-slf4j/2.21.1/log4j-to-slf4j-2.21.1.jar:/Users/mayank/.m2/repository/org/slf4j/jul-to-slf4j/2.0.11/jul-to-slf4j-2.0.11.jar:/Users/mayank/.m2/repository/org/yaml/snakeyaml/2.2/snakeyaml-2.2.jar:/Users/mayank/.m2/repository/org/springframework/boot/spring-boot-actuator-autoconfigure/3.2.2/spring-boot-actuator-autoconfigure-3.2.2.jar:/Users/mayank/.m2/repository/org/springframework/boot/spring-boot-actuator/3.2.2/spring-boot-actuator-3.2.2.jar:/Users/mayank/.m2/repository/io/micrometer/micrometer-observation/1.12.2/micrometer-observation-1.12.2.jar:/Users/mayank/.m2/repository/io/micrometer/micrometer-commons/1.12.2/micrometer-commons-1.12.2.jar:/Users/mayank/.m2/repository/io/micrometer/micrometer-jakarta9/1.12.2/micrometer-jakarta9-1.12.2.jar:/Users/mayank/.m2/repository/io/micrometer/micrometer-core/1.12.2/micrometer-core-1.12.2.jar:/Users/mayank/.m2/repository/org/hdrhistogram/HdrHistogram/2.1.12/HdrHistogram-2.1.12.jar:/Users/mayank/.m2/repository/org/latencyutils/LatencyUtils/2.0.3/LatencyUtils-2.0.3.jar:/Users/mayank/.m2/repository/org/springframework/boot/spring-boot-starter-data-mongodb/3.2.2/spring-boot-starter-data-mongodb-3.2.2.jar:/Users/mayank/.m2/repository/org/mongodb/mongodb-driver-sync/4.11.1/mongodb-driver-sync-4.11.1.jar:/Users/mayank/.m2/repository/org/mongodb/bson/4.11.1/bson-4.11.1.jar:/Users/mayank/.m2/repository/org/mongodb/mongodb-driver-core/4.11.1/mongodb-driver-core-4.11.1.jar:/Users/mayank/.m2/repository/org/mongodb/bson-record-codec/4.11.1/bson-record-codec-4.11.1.jar:/Users/mayank/.m2/repository/org/springframework/data/spring-data-mongodb/4.2.2/spring-data-mongodb-4.2.2.jar:/Users/mayank/.m2/repository/org/springframework/spring-tx/6.1.3/spring-tx-6.1.3.jar:/Users/mayank/.m2/repository/org/springframework/spring-expression/6.1.3/spring-expression-6.1.3.jar:/Users/mayank/.m2/repository/org/springframework/data/spring-data-commons/3.2.2/spring-data-commons-3.2.2.jar:/Users/mayank/.m2/repository/org/springframework/boot/spring-boot-starter-data-rest/3.2.2/spring-boot-starter-data-rest-3.2.2.jar:/Users/mayank/.m2/repository/org/springframework/data/spring-data-rest-webmvc/4.2.2/spring-data-rest-webmvc-4.2.2.jar:/Users/mayank/.m2/repository/org/springframework/data/spring-data-rest-core/4.2.2/spring-data-rest-core-4.2.2.jar:/Users/mayank/.m2/repository/org/springframework/hateoas/spring-hateoas/2.2.0/spring-hateoas-2.2.0.jar:/Users/mayank/.m2/repository/org/springframework/plugin/spring-plugin-core/3.0.0/spring-plugin-core-3.0.0.jar:/Users/mayank/.m2/repository/org/atteo/evo-inflector/1.3/evo-inflector-1.3.jar:/Users/mayank/.m2/repository/com/fasterxml/jackson/core/jackson-annotations/2.15.3/jackson-annotations-2.15.3.jar:/Users/mayank/.m2/repository/org/springframework/boot/spring-boot-starter-groovy-templates/3.2.2/spring-boot-starter-groovy-templates-3.2.2.jar:/Users/mayank/.m2/repository/org/apache/groovy/groovy-templates/4.0.17/groovy-templates-4.0.17.jar:/Users/mayank/.m2/repository/org/apache/groovy/groovy/4.0.17/groovy-4.0.17.jar:/Users/mayank/.m2/repository/org/apache/groovy/groovy-xml/4.0.17/groovy-xml-4.0.17.jar:/Users/mayank/.m2/repository/org/springframework/boot/spring-boot-starter-mustache/3.2.2/spring-boot-starter-mustache-3.2.2.jar:/Users/mayank/.m2/repository/com/samskivert/jmustache/1.15/jmustache-1.15.jar:/Users/mayank/.m2/repository/org/springframework/boot/spring-boot-starter-web/3.2.2/spring-boot-starter-web-3.2.2.jar:/Users/mayank/.m2/repository/org/springframework/boot/spring-boot-starter-json/3.2.2/spring-boot-starter-json-3.2.2.jar:/Users/mayank/.m2/repository/com/fasterxml/jackson/datatype/jackson-datatype-jdk8/2.15.3/jackson-datatype-jdk8-2.15.3.jar:/Users/mayank/.m2/repository/org/springframework/spring-web/6.1.3/spring-web-6.1.3.jar:/Users/mayank/.m2/repository/org/springframework/spring-webmvc/6.1.3/spring-webmvc-6.1.3.jar:/Users/mayank/.m2/repository/org/springframework/spring-aop/6.1.3/spring-aop-6.1.3.jar:/Users/mayank/.m2/repository/org/springframework/cloud/spring-cloud-starter-circuitbreaker-resilience4j/3.1.0/spring-cloud-starter-circuitbreaker-resilience4j-3.1.0.jar:/Users/mayank/.m2/repository/org/springframework/cloud/spring-cloud-starter/4.1.0/spring-cloud-starter-4.1.0.jar:/Users/mayank/.m2/repository/org/springframework/cloud/spring-cloud-context/4.1.0/spring-cloud-context-4.1.0.jar:/Users/mayank/.m2/repository/org/springframework/security/spring-security-crypto/6.2.1/spring-security-crypto-6.2.1.jar:/Users/mayank/.m2/repository/org/springframework/cloud/spring-cloud-commons/4.1.0/spring-cloud-commons-4.1.0.jar:/Users/mayank/.m2/repository/org/springframework/security/spring-security-rsa/1.1.1/spring-security-rsa-1.1.1.jar:/Users/mayank/.m2/repository/org/bouncycastle/bcprov-jdk18on/1.74/bcprov-jdk18on-1.74.jar:/Users/mayank/.m2/repository/org/springframework/cloud/spring-cloud-circuitbreaker-resilience4j/3.1.0/spring-cloud-circuitbreaker-resilience4j-3.1.0.jar:/Users/mayank/.m2/repository/io/github/resilience4j/resilience4j-spring-boot3/2.1.0/resilience4j-spring-boot3-2.1.0.jar:/Users/mayank/.m2/repository/io/github/resilience4j/resilience4j-spring6/2.1.0/resilience4j-spring6-2.1.0.jar:/Users/mayank/.m2/repository/io/github/resilience4j/resilience4j-annotations/2.1.0/resilience4j-annotations-2.1.0.jar:/Users/mayank/.m2/repository/io/github/resilience4j/resilience4j-consumer/2.1.0/resilience4j-consumer-2.1.0.jar:/Users/mayank/.m2/repository/io/github/resilience4j/resilience4j-circularbuffer/2.1.0/resilience4j-circularbuffer-2.1.0.jar:/Users/mayank/.m2/repository/io/github/resilience4j/resilience4j-framework-common/2.1.0/resilience4j-framework-common-2.1.0.jar:/Users/mayank/.m2/repository/io/github/resilience4j/resilience4j-micrometer/2.1.0/resilience4j-micrometer-2.1.0.jar:/Users/mayank/.m2/repository/io/github/resilience4j/resilience4j-ratelimiter/2.1.0/resilience4j-ratelimiter-2.1.0.jar:/Users/mayank/.m2/repository/io/github/resilience4j/resilience4j-circuitbreaker/2.1.0/resilience4j-circuitbreaker-2.1.0.jar:/Users/mayank/.m2/repository/io/github/resilience4j/resilience4j-core/2.1.0/resilience4j-core-2.1.0.jar:/Users/mayank/.m2/repository/io/github/resilience4j/resilience4j-timelimiter/2.1.0/resilience4j-timelimiter-2.1.0.jar:/Users/mayank/.m2/repository/org/springframework/session/spring-session-core/3.2.1/spring-session-core-3.2.1.jar:/Users/mayank/.m2/repository/org/springframework/spring-jcl/6.1.3/spring-jcl-6.1.3.jar:/Users/mayank/.m2/repository/org/springframework/boot/spring-boot-docker-compose/3.2.2/spring-boot-docker-compose-3.2.2.jar:/Users/mayank/.m2/repository/org/springframework/boot/spring-boot/3.2.2/spring-boot-3.2.2.jar:/Users/mayank/.m2/repository/com/fasterxml/jackson/core/jackson-databind/2.15.3/jackson-databind-2.15.3.jar:/Users/mayank/.m2/repository/com/fasterxml/jackson/core/jackson-core/2.15.3/jackson-core-2.15.3.jar:/Users/mayank/.m2/repository/com/fasterxml/jackson/module/jackson-module-parameter-names/2.15.3/jackson-module-parameter-names-2.15.3.jar:/Users/mayank/.m2/repository/io/camunda/spring/spring-boot-starter-camunda/8.5.3/spring-boot-starter-camunda-8.5.3.jar:/Users/mayank/.m2/repository/io/camunda/spring/spring-client-zeebe/8.5.3/spring-client-zeebe-8.5.3.jar:/Users/mayank/.m2/repository/io/camunda/spring/spring-client-annotations/8.5.3/spring-client-annotations-8.5.3.jar:/Users/mayank/.m2/repository/io/camunda/zeebe-client-java/8.5.0/zeebe-client-java-8.5.0.jar:/Users/mayank/.m2/repository/org/apache/httpcomponents/core5/httpcore5/5.2.4/httpcore5-5.2.4.jar:/Users/mayank/.m2/repository/io/camunda/zeebe-gateway-protocol-impl/8.5.0/zeebe-gateway-protocol-impl-8.5.0.jar:/Users/mayank/.m2/repository/org/apache/httpcomponents/client5/httpclient5/5.2.3/httpclient5-5.2.3.jar:/Users/mayank/.m2/repository/org/apache/httpcomponents/core5/httpcore5-h2/5.2.4/httpcore5-h2-5.2.4.jar:/Users/mayank/.m2/repository/io/grpc/grpc-util/1.62.2/grpc-util-1.62.2.jar:/Users/mayank/.m2/repository/io/netty/netty-handler/4.1.105.Final/netty-handler-4.1.105.Final.jar:/Users/mayank/.m2/repository/io/netty/netty-resolver/4.1.105.Final/netty-resolver-4.1.105.Final.jar:/Users/mayank/.m2/repository/io/netty/netty-common/4.1.105.Final/netty-common-4.1.105.Final.jar:/Users/mayank/.m2/repository/com/fasterxml/jackson/dataformat/jackson-dataformat-yaml/2.15.3/jackson-dataformat-yaml-2.15.3.jar:/Users/mayank/.m2/repository/commons-beanutils/commons-beanutils/1.9.4/commons-beanutils-1.9.4.jar:/Users/mayank/.m2/repository/commons-logging/commons-logging/1.2/commons-logging-1.2.jar:/Users/mayank/.m2/repository/commons-collections/commons-collections/3.2.2/commons-collections-3.2.2.jar:/Users/mayank/.m2/repository/io/camunda/spring/java-client-operate/8.5.3/java-client-operate-8.5.3.jar:/Users/mayank/.m2/repository/io/camunda/spring/java-common/8.5.3/java-common-8.5.3.jar:/Users/mayank/.m2/repository/io/camunda/zeebe-bpmn-model/8.5.0/zeebe-bpmn-model-8.5.0.jar:/Users/mayank/.m2/repository/org/camunda/bpm/model/camunda-xml-model/7.20.0/camunda-xml-model-7.20.0.jar:/Users/mayank/.m2/repository/io/github/resilience4j/resilience4j-retry/2.1.0/resilience4j-retry-2.1.0.jar:/Users/mayank/.m2/repository/io/camunda/spring/spring-client-common/8.5.3/spring-client-common-8.5.3.jar:/Users/mayank/.m2/repository/io/camunda/identity-spring-boot-autoconfigure/8.5.1/identity-spring-boot-autoconfigure-8.5.1.jar:/Users/mayank/.m2/repository/io/camunda/identity-sdk/8.5.1/identity-sdk-8.5.1.jar:/Users/mayank/.m2/repository/com/auth0/java-jwt/4.4.0/java-jwt-4.4.0.jar:/Users/mayank/.m2/repository/com/auth0/auth0/1.45.1/auth0-1.45.1.jar:/Users/mayank/.m2/repository/com/squareup/okhttp3/okhttp/4.12.0/okhttp-4.12.0.jar:/Users/mayank/.m2/repository/org/jetbrains/kotlin/kotlin-stdlib-jdk8/1.9.22/kotlin-stdlib-jdk8-1.9.22.jar:/Users/mayank/.m2/repository/org/jetbrains/kotlin/kotlin-stdlib/1.9.22/kotlin-stdlib-1.9.22.jar:/Users/mayank/.m2/repository/org/jetbrains/kotlin/kotlin-stdlib-jdk7/1.9.22/kotlin-stdlib-jdk7-1.9.22.jar:/Users/mayank/.m2/repository/com/squareup/okhttp3/logging-interceptor/4.12.0/logging-interceptor-4.12.0.jar:/Users/mayank/.m2/repository/net/jodah/failsafe/2.4.1/failsafe-2.4.1.jar:/Users/mayank/.m2/repository/com/auth0/jwks-rsa/0.22.1/jwks-rsa-0.22.1.jar:/Users/mayank/.m2/repository/org/apache/commons/commons-collections4/4.4/commons-collections4-4.4.jar:/Users/mayank/.m2/repository/org/ehcache/ehcache/3.10.8/ehcache-3.10.8.jar:/Users/mayank/.m2/repository/javax/cache/cache-api/1.1.1/cache-api-1.1.1.jar:/Users/mayank/.m2/repository/org/slf4j/slf4j-api/2.0.11/slf4j-api-2.0.11.jar:/Users/mayank/.m2/repository/io/camunda/spring/spring-boot-starter-camunda-test/8.5.3/spring-boot-starter-camunda-test-8.5.3.jar:/Users/mayank/.m2/repository/io/camunda/spring/spring-boot-starter-camunda-test-common/8.5.3/spring-boot-starter-camunda-test-common-8.5.3.jar:/Users/mayank/.m2/repository/io/camunda/zeebe-process-test-extension/8.5.0/zeebe-process-test-extension-8.5.0.jar:/Users/mayank/.m2/repository/io/camunda/zeebe-process-test-engine/8.5.0/zeebe-process-test-engine-8.5.0.jar:/Users/mayank/.m2/repository/io/camunda/zeebe-workflow-engine/8.5.0/zeebe-workflow-engine-8.5.0.jar:/Users/mayank/.m2/repository/io/camunda/zeebe-msgpack-core/8.5.0/zeebe-msgpack-core-8.5.0.jar:/Users/mayank/.m2/repository/io/camunda/zeebe-expression-language/8.5.0/zeebe-expression-language-8.5.0.jar:/Users/mayank/.m2/repository/io/camunda/zeebe-feel-integration/8.5.0/zeebe-feel-integration-8.5.0.jar:/Users/mayank/.m2/repository/org/scala-lang/scala-library/2.13.13/scala-library-2.13.13.jar:/Users/mayank/.m2/repository/io/camunda/zeebe-dmn/8.5.0/zeebe-dmn-8.5.0.jar:/Users/mayank/.m2/repository/org/camunda/bpm/extension/dmn/scala/dmn-engine/1.9.0/dmn-engine-1.9.0.jar:/Users/mayank/.m2/repository/org/camunda/bpm/model/camunda-dmn-model/7.20.0/camunda-dmn-model-7.20.0.jar:/Users/mayank/.m2/repository/io/camunda/zeebe-auth/8.5.0/zeebe-auth-8.5.0.jar:/Users/mayank/.m2/repository/io/prometheus/simpleclient/0.16.0/simpleclient-0.16.0.jar:/Users/mayank/.m2/repository/io/prometheus/simpleclient_tracer_otel/0.16.0/simpleclient_tracer_otel-0.16.0.jar:/Users/mayank/.m2/repository/io/prometheus/simpleclient_tracer_common/0.16.0/simpleclient_tracer_common-0.16.0.jar:/Users/mayank/.m2/repository/io/prometheus/simpleclient_tracer_otel_agent/0.16.0/simpleclient_tracer_otel_agent-0.16.0.jar:/Users/mayank/.m2/repository/com/cronutils/cron-utils/9.2.1/cron-utils-9.2.1.jar:/Users/mayank/.m2/repository/org/camunda/feel/feel-engine/1.17.5/feel-engine-1.17.5.jar:/Users/mayank/.m2/repository/com/lihaoyi/fastparse_2.13/3.0.2/fastparse_2.13-3.0.2.jar:/Users/mayank/.m2/repository/com/lihaoyi/sourcecode_2.13/0.3.0/sourcecode_2.13-0.3.0.jar:/Users/mayank/.m2/repository/com/lihaoyi/geny_2.13/1.0.0/geny_2.13-1.0.0.jar:/Users/mayank/.m2/repository/io/camunda/zeebe-util/8.5.0/zeebe-util-8.5.0.jar:/Users/mayank/.m2/repository/io/camunda/zeebe-logstreams/8.5.0/zeebe-logstreams-8.5.0.jar:/Users/mayank/.m2/repository/com/netflix/concurrency-limits/concurrency-limits-core/0.4.2/concurrency-limits-core-0.4.2.jar:/Users/mayank/.m2/repository/io/camunda/zeebe-msgpack-value/8.5.0/zeebe-msgpack-value-8.5.0.jar:/Users/mayank/.m2/repository/io/camunda/zeebe-protocol/8.5.0/zeebe-protocol-8.5.0.jar:/Users/mayank/.m2/repository/io/camunda/zeebe-protocol-impl/8.5.0/zeebe-protocol-impl-8.5.0.jar:/Users/mayank/.m2/repository/org/msgpack/jackson-dataformat-msgpack/0.9.8/jackson-dataformat-msgpack-0.9.8.jar:/Users/mayank/.m2/repository/org/msgpack/msgpack-core/0.9.8/msgpack-core-0.9.8.jar:/Users/mayank/.m2/repository/io/camunda/zeebe-db/8.5.0/zeebe-db-8.5.0.jar:/Users/mayank/.m2/repository/org/rocksdb/rocksdbjni/8.11.3/rocksdbjni-8.11.3.jar:/Users/mayank/.m2/repository/io/camunda/zeebe-scheduler/8.5.0/zeebe-scheduler-8.5.0.jar:/Users/mayank/.m2/repository/org/jetbrains/annotations/24.1.0/annotations-24.1.0.jar:/Users/mayank/.m2/repository/io/camunda/zeebe-stream-platform/8.5.0/zeebe-stream-platform-8.5.0.jar:/Users/mayank/.m2/repository/org/agrona/agrona/1.21.0/agrona-1.21.0.jar:/Users/mayank/.m2/repository/io/camunda/zeebe-process-test-assertions/8.5.0/zeebe-process-test-assertions-8.5.0.jar:/Users/mayank/.m2/repository/io/camunda/zeebe-process-test-filters/8.5.0/zeebe-process-test-filters-8.5.0.jar:/Users/mayank/.m2/repository/io/camunda/zeebe-process-test-api/8.5.0/zeebe-process-test-api-8.5.0.jar:/Users/mayank/.m2/repository/org/junit/platform/junit-platform-commons/1.10.1/junit-platform-commons-1.10.1.jar:/Users/mayank/.m2/repository/org/apiguardian/apiguardian-api/1.1.2/apiguardian-api-1.1.2.jar:/Users/mayank/.m2/repository/org/junit/jupiter/junit-jupiter-api/5.10.1/junit-jupiter-api-5.10.1.jar:/Users/mayank/.m2/repository/org/opentest4j/opentest4j/1.3.0/opentest4j-1.3.0.jar:/Users/mayank/.m2/repository/com/google/protobuf/protobuf-java/3.23.2/protobuf-java-3.23.2.jar:/Users/mayank/.m2/repository/com/h2database/h2/2.2.224/h2-2.2.224.jar:/Users/mayank/.m2/repository/org/hsqldb/hsqldb/2.7.2/hsqldb-2.7.2.jar:/Users/mayank/.m2/repository/org/projectlombok/lombok/1.18.30/lombok-1.18.30.jar:/Users/mayank/.m2/repository/org/springframework/boot/spring-boot-starter-tomcat/3.2.2/spring-boot-starter-tomcat-3.2.2.jar:/Users/mayank/.m2/repository/jakarta/annotation/jakarta.annotation-api/2.1.1/jakarta.annotation-api-2.1.1.jar:/Users/mayank/.m2/repository/org/apache/tomcat/embed/tomcat-embed-core/10.1.18/tomcat-embed-core-10.1.18.jar:/Users/mayank/.m2/repository/org/apache/tomcat/embed/tomcat-embed-el/10.1.18/tomcat-embed-el-10.1.18.jar:/Users/mayank/.m2/repository/org/apache/tomcat/embed/tomcat-embed-websocket/10.1.18/tomcat-embed-websocket-10.1.18.jar:/Users/mayank/.m2/repository/org/springframework/boot/spring-boot-starter-test/3.2.2/spring-boot-starter-test-3.2.2.jar:/Users/mayank/.m2/repository/org/springframework/boot/spring-boot-test/3.2.2/spring-boot-test-3.2.2.jar:/Users/mayank/.m2/repository/org/springframework/boot/spring-boot-test-autoconfigure/3.2.2/spring-boot-test-autoconfigure-3.2.2.jar:/Users/mayank/.m2/repository/com/jayway/jsonpath/json-path/2.8.0/json-path-2.8.0.jar:/Users/mayank/.m2/repository/jakarta/xml/bind/jakarta.xml.bind-api/4.0.1/jakarta.xml.bind-api-4.0.1.jar:/Users/mayank/.m2/repository/jakarta/activation/jakarta.activation-api/2.1.2/jakarta.activation-api-2.1.2.jar:/Users/mayank/.m2/repository/net/minidev/json-smart/2.5.0/json-smart-2.5.0.jar:/Users/mayank/.m2/repository/net/minidev/accessors-smart/2.5.0/accessors-smart-2.5.0.jar:/Users/mayank/.m2/repository/org/ow2/asm/asm/9.3/asm-9.3.jar:/Users/mayank/.m2/repository/org/assertj/assertj-core/3.24.2/assertj-core-3.24.2.jar:/Users/mayank/.m2/repository/net/bytebuddy/byte-buddy/1.14.11/byte-buddy-1.14.11.jar:/Users/mayank/.m2/repository/org/awaitility/awaitility/4.2.0/awaitility-4.2.0.jar:/Users/mayank/.m2/repository/org/hamcrest/hamcrest/2.2/hamcrest-2.2.jar:/Users/mayank/.m2/repository/org/junit/jupiter/junit-jupiter/5.10.1/junit-jupiter-5.10.1.jar:/Users/mayank/.m2/repository/org/junit/jupiter/junit-jupiter-params/5.10.1/junit-jupiter-params-5.10.1.jar:/Users/mayank/.m2/repository/org/junit/jupiter/junit-jupiter-engine/5.10.1/junit-jupiter-engine-5.10.1.jar:/Users/mayank/.m2/repository/org/junit/platform/junit-platform-engine/1.10.1/junit-platform-engine-1.10.1.jar:/Users/mayank/.m2/repository/org/mockito/mockito-core/5.7.0/mockito-core-5.7.0.jar:/Users/mayank/.m2/repository/net/bytebuddy/byte-buddy-agent/1.14.11/byte-buddy-agent-1.14.11.jar:/Users/mayank/.m2/repository/org/objenesis/objenesis/3.3/objenesis-3.3.jar:/Users/mayank/.m2/repository/org/mockito/mockito-junit-jupiter/5.7.0/mockito-junit-jupiter-5.7.0.jar:/Users/mayank/.m2/repository/org/skyscreamer/jsonassert/1.5.1/jsonassert-1.5.1.jar:/Users/mayank/.m2/repository/com/vaadin/external/google/android-json/0.0.20131108.vaadin1/android-json-0.0.20131108.vaadin1.jar:/Users/mayank/.m2/repository/org/springframework/spring-core/6.1.3/spring-core-6.1.3.jar:/Users/mayank/.m2/repository/org/springframework/spring-test/6.1.3/spring-test-6.1.3.jar:/Users/mayank/.m2/repository/org/xmlunit/xmlunit-core/2.9.1/xmlunit-core-2.9.1.jar:/Users/mayank/.m2/repository/org/springframework/spring-webflux/6.1.3/spring-webflux-6.1.3.jar:/Users/mayank/.m2/repository/org/springframework/spring-beans/6.1.3/spring-beans-6.1.3.jar:/Users/mayank/.m2/repository/io/projectreactor/reactor-core/3.6.2/reactor-core-3.6.2.jar:/Users/mayank/.m2/repository/org/reactivestreams/reactive-streams/1.0.4/reactive-streams-1.0.4.jar:/Users/mayank/.m2/repository/org/springframework/graphql/spring-graphql-test/1.2.4/spring-graphql-test-1.2.4.jar:/Users/mayank/.m2/repository/org/springframework/graphql/spring-graphql/1.2.4/spring-graphql-1.2.4.jar:/Users/mayank/.m2/repository/io/micrometer/context-propagation/1.0.6/context-propagation-1.0.6.jar:/Users/mayank/.m2/repository/com/graphql-java/graphql-java/21.3/graphql-java-21.3.jar:/Users/mayank/.m2/repository/com/graphql-java/java-dataloader/3.2.1/java-dataloader-3.2.1.jar:/Users/mayank/.m2/repository/org/springframework/spring-context/6.1.3/spring-context-6.1.3.jar:/Users/mayank/.m2/repository/org/springframework/restdocs/spring-restdocs-mockmvc/3.0.1/spring-restdocs-mockmvc-3.0.1.jar:/Users/mayank/.m2/repository/org/springframework/restdocs/spring-restdocs-core/3.0.1/spring-restdocs-core-3.0.1.jar:/Users/mayank/.m2/repository/jakarta/servlet/jakarta.servlet-api/6.0.0/jakarta.servlet-api-6.0.0.jar:/Users/mayank/.m2/repository/io/orkes/conductor/orkes-conductor-client/2.1.1/orkes-conductor-client-2.1.1.jar:/Users/mayank/.m2/repository/io/orkes/conductor/conductor-common/3.9.30-orkes/conductor-common-3.9.30-orkes.jar:/Users/mayank/.m2/repository/io/orkes/conductor/conductor-annotations/3.9.30-orkes/conductor-annotations-3.9.30-orkes.jar:/Users/mayank/.m2/repository/org/apache/bval/bval-jsr/2.0.5/bval-jsr-2.0.5.jar:/Users/mayank/.m2/repository/io/orkes/conductor/conductor-grpc/3.9.30-orkes/conductor-grpc-3.9.30-orkes.jar:/Users/mayank/.m2/repository/io/orkes/conductor/conductor-java-sdk/3.9.30-orkes/conductor-java-sdk-3.9.30-orkes.jar:/Users/mayank/.m2/repository/io/orkes/conductor/conductor-client/3.9.30-orkes/conductor-client-3.9.30-orkes.jar:/Users/mayank/.m2/repository/commons-io/commons-io/2.7/commons-io-2.7.jar:/Users/mayank/.m2/repository/com/google/guava/guava/30.0-jre/guava-30.0-jre.jar:/Users/mayank/.m2/repository/com/google/guava/failureaccess/1.0.1/failureaccess-1.0.1.jar:/Users/mayank/.m2/repository/com/google/guava/listenablefuture/9999.0-empty-to-avoid-conflict-with-guava/listenablefuture-9999.0-empty-to-avoid-conflict-with-guava.jar:/Users/mayank/.m2/repository/org/checkerframework/checker-qual/3.5.0/checker-qual-3.5.0.jar:/Users/mayank/.m2/repository/com/google/j2objc/j2objc-annotations/1.3/j2objc-annotations-1.3.jar:/Users/mayank/.m2/repository/cglib/cglib/3.3.0/cglib-3.3.0.jar:/Users/mayank/.m2/repository/com/sun/jersey/jersey-client/1.19.4/jersey-client-1.19.4.jar:/Users/mayank/.m2/repository/com/sun/jersey/jersey-core/1.19.4/jersey-core-1.19.4.jar:/Users/mayank/.m2/repository/javax/ws/rs/jsr311-api/1.1.1/jsr311-api-1.1.1.jar:/Users/mayank/.m2/repository/org/glassfish/jersey/core/jersey-common/3.1.5/jersey-common-3.1.5.jar:/Users/mayank/.m2/repository/org/glassfish/hk2/osgi-resource-locator/1.0.3/osgi-resource-locator-1.0.3.jar:/Users/mayank/.m2/repository/io/orkes/conductor/orkes-conductor-common-protos/0.9.2/orkes-conductor-common-protos-0.9.2.jar:/Users/mayank/.m2/repository/javax/annotation/javax.annotation-api/1.3.2/javax.annotation-api-1.3.2.jar:/Users/mayank/.m2/repository/com/fasterxml/jackson/jaxrs/jackson-jaxrs-json-provider/2.15.3/jackson-jaxrs-json-provider-2.15.3.jar:/Users/mayank/.m2/repository/com/fasterxml/jackson/jaxrs/jackson-jaxrs-base/2.15.3/jackson-jaxrs-base-2.15.3.jar:/Users/mayank/.m2/repository/com/fasterxml/jackson/module/jackson-module-jaxb-annotations/2.15.3/jackson-module-jaxb-annotations-2.15.3.jar:/Users/mayank/.m2/repository/com/fasterxml/jackson/datatype/jackson-datatype-jsr310/2.15.3/jackson-datatype-jsr310-2.15.3.jar:/Users/mayank/.m2/repository/io/grpc/grpc-netty/1.49.0/grpc-netty-1.49.0.jar:/Users/mayank/.m2/repository/io/grpc/grpc-core/1.49.0/grpc-core-1.49.0.jar:/Users/mayank/.m2/repository/com/google/code/gson/gson/2.10.1/gson-2.10.1.jar:/Users/mayank/.m2/repository/com/google/android/annotations/4.1.1.4/annotations-4.1.1.4.jar:/Users/mayank/.m2/repository/org/codehaus/mojo/animal-sniffer-annotations/1.21/animal-sniffer-annotations-1.21.jar:/Users/mayank/.m2/repository/io/netty/netty-codec-http2/4.1.105.Final/netty-codec-http2-4.1.105.Final.jar:/Users/mayank/.m2/repository/io/netty/netty-buffer/4.1.105.Final/netty-buffer-4.1.105.Final.jar:/Users/mayank/.m2/repository/io/netty/netty-transport/4.1.105.Final/netty-transport-4.1.105.Final.jar:/Users/mayank/.m2/repository/io/netty/netty-codec/4.1.105.Final/netty-codec-4.1.105.Final.jar:/Users/mayank/.m2/repository/io/netty/netty-codec-http/4.1.105.Final/netty-codec-http-4.1.105.Final.jar:/Users/mayank/.m2/repository/io/netty/netty-handler-proxy/4.1.105.Final/netty-handler-proxy-4.1.105.Final.jar:/Users/mayank/.m2/repository/io/netty/netty-codec-socks/4.1.105.Final/netty-codec-socks-4.1.105.Final.jar:/Users/mayank/.m2/repository/com/google/errorprone/error_prone_annotations/2.14.0/error_prone_annotations-2.14.0.jar:/Users/mayank/.m2/repository/io/perfmark/perfmark-api/0.25.0/perfmark-api-0.25.0.jar:/Users/mayank/.m2/repository/io/netty/netty-transport-native-unix-common/4.1.105.Final/netty-transport-native-unix-common-4.1.105.Final.jar:/Users/mayank/.m2/repository/io/grpc/grpc-stub/1.49.0/grpc-stub-1.49.0.jar:/Users/mayank/.m2/repository/io/grpc/grpc-api/1.49.0/grpc-api-1.49.0.jar:/Users/mayank/.m2/repository/io/grpc/grpc-context/1.49.0/grpc-context-1.49.0.jar:/Users/mayank/.m2/repository/io/grpc/grpc-protobuf/1.49.0/grpc-protobuf-1.49.0.jar:/Users/mayank/.m2/repository/com/google/code/findbugs/jsr305/3.0.2/jsr305-3.0.2.jar:/Users/mayank/.m2/repository/com/google/api/grpc/proto-google-common-protos/2.9.0/proto-google-common-protos-2.9.0.jar:/Users/mayank/.m2/repository/io/grpc/grpc-protobuf-lite/1.49.0/grpc-protobuf-lite-1.49.0.jar:/Users/mayank/.m2/repository/io/netty/netty-tcnative-boringssl-static/2.0.61.Final/netty-tcnative-boringssl-static-2.0.61.Final.jar:/Users/mayank/.m2/repository/io/netty/netty-tcnative-classes/2.0.61.Final/netty-tcnative-classes-2.0.61.Final.jar:/Users/mayank/.m2/repository/io/netty/netty-tcnative-boringssl-static/2.0.61.Final/netty-tcnative-boringssl-static-2.0.61.Final-linux-x86_64.jar:/Users/mayank/.m2/repository/io/netty/netty-tcnative-boringssl-static/2.0.61.Final/netty-tcnative-boringssl-static-2.0.61.Final-linux-aarch_64.jar:/Users/mayank/.m2/repository/io/netty/netty-tcnative-boringssl-static/2.0.61.Final/netty-tcnative-boringssl-static-2.0.61.Final-osx-x86_64.jar:/Users/mayank/.m2/repository/io/netty/netty-tcnative-boringssl-static/2.0.61.Final/netty-tcnative-boringssl-static-2.0.61.Final-osx-aarch_64.jar:/Users/mayank/.m2/repository/io/netty/netty-tcnative-boringssl-static/2.0.61.Final/netty-tcnative-boringssl-static-2.0.61.Final-windows-x86_64.jar:/Users/mayank/.m2/repository/org/apache/kafka/kafka-clients/3.6.1/kafka-clients-3.6.1.jar:/Users/mayank/.m2/repository/com/github/luben/zstd-jni/1.5.5-1/zstd-jni-1.5.5-1.jar:/Users/mayank/.m2/repository/org/lz4/lz4-java/1.8.0/lz4-java-1.8.0.jar:/Users/mayank/.m2/repository/org/xerial/snappy/snappy-java/1.1.10.5/snappy-java-1.1.10.5.jar:/Users/mayank/.m2/repository/com/netflix/spectator/spectator-api/1.3.7/spectator-api-1.3.7.jar:/Users/mayank/.m2/repository/com/netflix/eureka/eureka-client/2.0.1/eureka-client-2.0.1.jar:/Users/mayank/.m2/repository/com/netflix/netflix-commons/netflix-eventbus/0.3.0/netflix-eventbus-0.3.0.jar:/Users/mayank/.m2/repository/com/netflix/netflix-commons/netflix-infix/0.3.0/netflix-infix-0.3.0.jar:/Users/mayank/.m2/repository/commons-jxpath/commons-jxpath/1.3/commons-jxpath-1.3.jar:/Users/mayank/.m2/repository/org/antlr/antlr-runtime/3.4/antlr-runtime-3.4.jar:/Users/mayank/.m2/repository/org/antlr/stringtemplate/3.2.1/stringtemplate-3.2.1.jar:/Users/mayank/.m2/repository/antlr/antlr/2.7.7/antlr-2.7.7.jar:/Users/mayank/.m2/repository/org/apache/commons/commons-math/2.2/commons-math-2.2.jar:/Users/mayank/.m2/repository/com/thoughtworks/xstream/xstream/1.4.19/xstream-1.4.19.jar:/Users/mayank/.m2/repository/io/github/x-stream/mxparser/1.2.2/mxparser-1.2.2.jar:/Users/mayank/.m2/repository/xmlpull/xmlpull/1.1.3.1/xmlpull-1.1.3.1.jar:/Users/mayank/.m2/repository/jakarta/ws/rs/jakarta.ws.rs-api/3.1.0/jakarta.ws.rs-api-3.1.0.jar:/Users/mayank/.m2/repository/jakarta/inject/jakarta.inject-api/2.0.1/jakarta.inject-api-2.0.1.jar:/Users/mayank/.m2/repository/com/netflix/servo/servo-core/0.12.21/servo-core-0.12.21.jar:/Users/mayank/.m2/repository/org/apache/httpcomponents/httpclient/4.5.3/httpclient-4.5.3.jar:/Users/mayank/.m2/repository/org/apache/httpcomponents/httpcore/4.4.16/httpcore-4.4.16.jar:/Users/mayank/.m2/repository/commons-codec/commons-codec/1.16.0/commons-codec-1.16.0.jar:/Users/mayank/.m2/repository/commons-configuration/commons-configuration/1.10/commons-configuration-1.10.jar:/Users/mayank/.m2/repository/commons-lang/commons-lang/2.6/commons-lang-2.6.jar:/Users/mayank/.m2/repository/org/codehaus/jettison/jettison/1.4.0/jettison-1.4.0.jar:/Users/mayank/.m2/repository/com/squareup/okhttp/okhttp/2.7.5/okhttp-2.7.5.jar:/Users/mayank/.m2/repository/com/squareup/okio/okio/1.6.0/okio-1.6.0.jar:/Users/mayank/.m2/repository/com/squareup/okhttp/logging-interceptor/2.7.5/logging-interceptor-2.7.5.jar:/Users/mayank/.m2/repository/io/swagger/core/v3/swagger-annotations/2.2.2/swagger-annotations-2.2.2.jar:/Users/mayank/.m2/repository/org/apache/commons/commons-lang3/3.13.0/commons-lang3-3.13.0.jar:/Users/mayank/.m2/repository/org/threeten/threetenbp/1.6.1/threetenbp-1.6.1.jar:/Users/mayank/.m2/repository/com/amazonaws/aws-java-sdk-ssm/1.12.300/aws-java-sdk-ssm-1.12.300.jar:/Users/mayank/.m2/repository/com/amazonaws/aws-java-sdk-core/1.12.300/aws-java-sdk-core-1.12.300.jar:/Users/mayank/.m2/repository/software/amazon/ion/ion-java/1.0.2/ion-java-1.0.2.jar:/Users/mayank/.m2/repository/com/fasterxml/jackson/dataformat/jackson-dataformat-cbor/2.15.3/jackson-dataformat-cbor-2.15.3.jar:/Users/mayank/.m2/repository/joda-time/joda-time/2.8.1/joda-time-2.8.1.jar:/Users/mayank/.m2/repository/com/amazonaws/jmespath-java/1.12.300/jmespath-java-1.12.300.jar:/Users/mayank/.m2/repository/com/azure/azure-security-keyvault-secrets/4.2.3/azure-security-keyvault-secrets-4.2.3.jar:/Users/mayank/.m2/repository/com/azure/azure-core/1.10.0/azure-core-1.10.0.jar:/Users/mayank/.m2/repository/com/fasterxml/jackson/dataformat/jackson-dataformat-xml/2.15.3/jackson-dataformat-xml-2.15.3.jar:/Users/mayank/.m2/repository/org/codehaus/woodstox/stax2-api/4.2.1/stax2-api-4.2.1.jar:/Users/mayank/.m2/repository/com/fasterxml/woodstox/woodstox-core/6.5.1/woodstox-core-6.5.1.jar:/Users/mayank/.m2/repository/com/azure/azure-core-http-netty/1.6.3/azure-core-http-netty-1.6.3.jar:/Users/mayank/.m2/repository/io/netty/netty-transport-native-epoll/4.1.105.Final/netty-transport-native-epoll-4.1.105.Final-linux-x86_64.jar:/Users/mayank/.m2/repository/io/netty/netty-transport-classes-epoll/4.1.105.Final/netty-transport-classes-epoll-4.1.105.Final.jar:/Users/mayank/.m2/repository/io/netty/netty-transport-native-kqueue/4.1.105.Final/netty-transport-native-kqueue-4.1.105.Final-osx-x86_64.jar:/Users/mayank/.m2/repository/io/netty/netty-transport-classes-kqueue/4.1.105.Final/netty-transport-classes-kqueue-4.1.105.Final.jar:/Users/mayank/.m2/repository/io/projectreactor/netty/reactor-netty/1.1.15/reactor-netty-1.1.15.jar:/Users/mayank/.m2/repository/io/projectreactor/netty/reactor-netty-core/1.1.15/reactor-netty-core-1.1.15.jar:/Users/mayank/.m2/repository/io/netty/netty-resolver-dns/4.1.105.Final/netty-resolver-dns-4.1.105.Final.jar:/Users/mayank/.m2/repository/io/netty/netty-codec-dns/4.1.105.Final/netty-codec-dns-4.1.105.Final.jar:/Users/mayank/.m2/repository/io/netty/netty-resolver-dns-native-macos/4.1.105.Final/netty-resolver-dns-native-macos-4.1.105.Final-osx-x86_64.jar:/Users/mayank/.m2/repository/io/netty/netty-resolver-dns-classes-macos/4.1.105.Final/netty-resolver-dns-classes-macos-4.1.105.Final.jar:/Users/mayank/.m2/repository/io/projectreactor/netty/reactor-netty-http/1.1.15/reactor-netty-http-1.1.15.jar:/Users/mayank/.m2/repository/io/projectreactor/netty/incubator/reactor-netty-incubator-quic/0.1.15/reactor-netty-incubator-quic-0.1.15.jar:/Users/mayank/.m2/repository/io/netty/incubator/netty-incubator-codec-native-quic/0.0.55.Final/netty-incubator-codec-native-quic-0.0.55.Final-linux-x86_64.jar:/Users/mayank/.m2/repository/io/netty/incubator/netty-incubator-codec-classes-quic/0.0.55.Final/netty-incubator-codec-classes-quic-0.0.55.Final.jar:/Users/mayank/.m2/repository/com/azure/azure-identity/1.3.7/azure-identity-1.3.7.jar:/Users/mayank/.m2/repository/com/microsoft/azure/msal4j/1.11.0/msal4j-1.11.0.jar:/Users/mayank/.m2/repository/com/nimbusds/oauth2-oidc-sdk/9.7/oauth2-oidc-sdk-9.7.jar:/Users/mayank/.m2/repository/com/github/stephenc/jcip/jcip-annotations/1.0-1/jcip-annotations-1.0-1.jar:/Users/mayank/.m2/repository/com/nimbusds/content-type/2.1/content-type-2.1.jar:/Users/mayank/.m2/repository/com/nimbusds/lang-tag/1.5/lang-tag-1.5.jar:/Users/mayank/.m2/repository/com/nimbusds/nimbus-jose-jwt/9.9.3/nimbus-jose-jwt-9.9.3.jar:/Users/mayank/.m2/repository/com/microsoft/azure/msal4j-persistence-extension/1.1.0/msal4j-persistence-extension-1.1.0.jar:/Users/mayank/.m2/repository/net/java/dev/jna/jna/5.5.0/jna-5.5.0.jar:/Users/mayank/.m2/repository/net/java/dev/jna/jna-platform/5.6.0/jna-platform-5.6.0.jar:/Users/mayank/.m2/repository/org/apache/logging/log4j/log4j-core/2.21.1/log4j-core-2.21.1.jar:/Users/mayank/.m2/repository/org/apache/logging/log4j/log4j-api/2.21.1/log4j-api-2.21.1.jar:/Users/mayank/.m2/repository/org/apache/logging/log4j/log4j-slf4j-impl/2.21.1/log4j-slf4j-impl-2.21.1.jar:/Users/mayank/.m2/repository/org/apache/logging/log4j/log4j-jul/2.21.1/log4j-jul-2.21.1.jar:/Users/mayank/.m2/repository/org/apache/logging/log4j/log4j-web/2.21.1/log4j-web-2.21.1.jar:"/>
    <property name="sun.cpu.endian" value="little"/>
    <property name="user.home" value="/Users/mayank"/>
    <property name="user.language" value="en"/>
    <property name="java.specification.vendor" value="Oracle Corporation"/>
    <property name="java.version.date" value="2024-01-16"/>
    <property name="java.home" value="/Library/Java/JavaVirtualMachines/jdk-21.jdk/Contents/Home"/>
    <property name="file.separator" value="/"/>
    <property name="basedir" value="/Users/mayank/workspace/workflow_service/workflow_service"/>
    <property name="java.vm.compressedOopsMode" value="Zero based"/>
    <property name="line.separator" value="&#10;"/>
    <property name="java.vm.specification.vendor" value="Oracle Corporation"/>
    <property name="java.specification.name" value="Java Platform API Specification"/>
    <property name="apple.awt.application.name" value="ForkedBooter"/>
    <property name="surefire.real.class.path" value="/Users/mayank/workspace/workflow_service/workflow_service/target/surefire/surefirebooter-20240614185521182_3.jar"/>
    <property name="sun.management.compiler" value="HotSpot 64-Bit Tiered Compilers"/>
    <property name="ftp.nonProxyHosts" value="local|*.local|169.254/16|*.169.254/16"/>
    <property name="java.runtime.version" value="21.0.2+13-LTS-58"/>
    <property name="user.name" value="mayank"/>
    <property name="stdout.encoding" value="UTF-8"/>
    <property name="path.separator" value=":"/>
    <property name="os.version" value="14.2.1"/>
    <property name="java.runtime.name" value="Java(TM) SE Runtime Environment"/>
    <property name="file.encoding" value="UTF-8"/>
    <property name="java.vm.name" value="Java HotSpot(TM) 64-Bit Server VM"/>
    <property name="localRepository" value="/Users/mayank/.m2/repository"/>
    <property name="java.vendor.url.bug" value="https://bugreport.java.com/bugreport/"/>
    <property name="java.io.tmpdir" value="/var/folders/bz/v4dmzj354f541nlnv7sf1jn80000gn/T/"/>
    <property name="java.version" value="21.0.2"/>
    <property name="user.dir" value="/Users/mayank/workspace/workflow_service/workflow_service"/>
    <property name="os.arch" value="aarch64"/>
    <property name="java.vm.specification.name" value="Java Virtual Machine Specification"/>
    <property name="native.encoding" value="UTF-8"/>
    <property name="java.library.path" value="/Users/mayank/Library/Java/Extensions:/Library/Java/Extensions:/Network/Library/Java/Extensions:/System/Library/Java/Extensions:/usr/lib/java:."/>
    <property name="java.vm.info" value="mixed mode, sharing"/>
    <property name="stderr.encoding" value="UTF-8"/>
    <property name="java.vendor" value="Oracle Corporation"/>
    <property name="java.vm.version" value="21.0.2+13-LTS-58"/>
    <property name="sun.io.unicode.encoding" value="UnicodeBig"/>
    <property name="socksNonProxyHosts" value="local|*.local|169.254/16|*.169.254/16"/>
    <property name="java.class.version" value="65.0"/>
  </properties>
  <testcase name="startWorkflow" classname="com.ai.workflow.managers.WorkflowManagerTest" time="0.04"/>
</testsuite>